<?xml version="1.0" encoding="UTF-8"?>
<!-- Generated by org.testng.reporters.JUnitReportReporter -->
<testsuite hostname="IN-BLBN0F3" failures="0" tests="1" name="test.TestNG" time="4.005" errors="0" timestamp="2024-03-28T10:10:05 IST" skipped="0">
  <testcase classname="test.TestNG" name="amazonSearchTest" time="4.005"/>
</testsuite> <!-- test.TestNG -->
